--- Final Config Loaded in App ---
MONGO_URI: mongodb+srv://yahoo1438:B6pdsUsGRehSoYn0@mywebsite.nq4f2rc.mongodb.net/my_website?retryWrites=true&w=majority&appName=mywebsite
AZURE_KEY: True
----------------------------------
--- Final Config Loaded in App ---
MONGO_URI: mongodb+srv://yahoo1438:B6pdsUsGRehSoYn0@mywebsite.nq4f2rc.mongodb.net/my_website?retryWrites=true&w=majority&appName=mywebsite
AZURE_KEY: True
----------------------------------
Client connected: DTFJ_4ylRvlFYvYtAAAC
Client connected: 7hmw36nL9IkNeRfCAAAF
Client connected: HhtmRBGHj4kGmq7kAAAH
Client connected: 8Lxk-aOWpaw-J4HhAAAK
Client connected: MyLyjjM6IUCMxrL9AAAN
Client connected: sJxyTmzhEQmyg9fyAAAP
Client connected: KlU_U2mUTIt1-FBEAAAR
Client connected: bGsS8SNQNeLQm-5UAAAT
Client disconnected: bGsS8SNQNeLQm-5UAAAT
Client connected: 7jdWVN_F9VHOdAIBAAAV
Client connected: gD1eTknUQpal1sSmAAAX
Client connected: o_J4dFcQDDLd0NgTAAAZ
[DTFJ_4ylRvlFYvYtAAAC] Continuous recognition started.
[DTFJ_4ylRvlFYvYtAAAC] Session stopped.
[DTFJ_4ylRvlFYvYtAAAC] Continuous recognition stopped.
[DTFJ_4ylRvlFYvYtAAAC] Continuous recognition stopped.
[DTFJ_4ylRvlFYvYtAAAC] Translation stopped by client.
--- Final Config Loaded in App ---
MONGO_URI: mongodb+srv://yahoo1438:B6pdsUsGRehSoYn0@mywebsite.nq4f2rc.mongodb.net/my_website?retryWrites=true&w=majority&appName=mywebsite
AZURE_KEY: True
----------------------------------
Client connected: vp7ALyc5H0TXMZLWAAAD
Client connected: D3FGpTOqR1k59aYPAAAG
Client connected: CrQYLGmy8ARdiNKsAAAI
Client connected: vKA-8nVPG40CFvJLAAAM
Client disconnected: vKA-8nVPG40CFvJLAAAM
Client disconnected: vp7ALyc5H0TXMZLWAAAD
Client connected: daUdA6PbEtujOYuJAAAP
Client connected: 1-1-xi_N6V7E5c6xAAAS
Client disconnected: 1-1-xi_N6V7E5c6xAAAS
Client connected: TZxi-pWi24pfkkV2AAAU
Client disconnected: D3FGpTOqR1k59aYPAAAG
Client disconnected: CrQYLGmy8ARdiNKsAAAI
Client connected: sSON4j9Y7nwTVRcIAAAX
Client disconnected: daUdA6PbEtujOYuJAAAP
Client disconnected: TZxi-pWi24pfkkV2AAAU
Client disconnected: sSON4j9Y7nwTVRcIAAAX
Client connected: bpjV75wmeYVfLoESAAAb
Client disconnected: bpjV75wmeYVfLoESAAAb
Client connected: FxEfgXYbJvufgB-NAAAg
Client connected: FxbBY0ey0LnHEYPtAAAi
Client disconnected: FxbBY0ey0LnHEYPtAAAi
Client connected: bt7DZstx-BjX9YuLAAAl
Client disconnected: bt7DZstx-BjX9YuLAAAl
Client connected: IKZZpAarVNZqwyHPAAAn
Client disconnected: IKZZpAarVNZqwyHPAAAn
Client connected: n-1hxQsDQ55BjItBAAAp
Client connected: 3TW0caByCUkHocaPAAAs
Client connected: Lr0UmcJ5Y6HV-u0DAAAu
Client connected: ql_69jD-lVY6_rKfAAAx
Client connected: hD5k-kxlVyZZ3zJXAAAz
Client connected: y5Vg1BhvA9dqqnqCAAA1
Client connected: PtKzjGPP7AxbsO-nAAA3
--- Final Config Loaded in App ---
MONGO_URI: mongodb+srv://yahoo1438:B6pdsUsGRehSoYn0@mywebsite.nq4f2rc.mongodb.net/my_website?retryWrites=true&w=majority&appName=mywebsite
AZURE_KEY: True
----------------------------------
Client connected: 8ftzYLFbyEMOCqVFAAAC
Client disconnected: 8ftzYLFbyEMOCqVFAAAC
Client connected: OcQaU3ikuLHqIBNbAAAF
Client connected: es5ElZOsC3rut_OHAAAK
Client connected: QR9HVioK-zio-ONfAAAM
Client connected: KZzaj7q1k532oynQAAAO
Client connected: O4v60DPFXpbiehuSAAAQ
Client disconnected: O4v60DPFXpbiehuSAAAQ
Client connected: NdtrMYe8zZlUKqFdAAAS
Client disconnected: NdtrMYe8zZlUKqFdAAAS
Client disconnected: OcQaU3ikuLHqIBNbAAAF
Client disconnected: QR9HVioK-zio-ONfAAAM
Client connected: PlxocDcFA1jWiNujAAAX
Client connected: 3v7VqOS3RT1M96GuAAAZ
Client disconnected: 3v7VqOS3RT1M96GuAAAZ
Client connected: bFS6xFMQaoN-QJ-7AAAb
Client disconnected: bFS6xFMQaoN-QJ-7AAAb
Client connected: ugdqJFC11mKF0LsoAAAd
Client disconnected: ugdqJFC11mKF0LsoAAAd
Client connected: Q6PSVn2bNiLlfDiMAAAf
Client connected: IJwP4uIt3jVkNgudAAAh
Client disconnected: IJwP4uIt3jVkNgudAAAh
Client connected: JH14CVQ2MhnBnUayAAAj
Client disconnected: KZzaj7q1k532oynQAAAO
Client disconnected: es5ElZOsC3rut_OHAAAK
Client connected: 9kNzCHjskAZj_JHeAAAm
Client connected: Df6K_fAdqqgjtQzOAAAo
Client connected: X2e9pgZpL2847FfBAAAq
Client disconnected: X2e9pgZpL2847FfBAAAq
Client connected: mAVZjysG0tnLZcPZAAAs
Client disconnected: Q6PSVn2bNiLlfDiMAAAf
Client disconnected: JH14CVQ2MhnBnUayAAAj
Client disconnected: PlxocDcFA1jWiNujAAAX
Client connected: iT0BIGpqLMALgL2yAAAv
Client connected: cex-r6wYkjO2tv-IAAAx
Client connected: kCtZkeZs_ThacXhjAAAz
Client disconnected: kCtZkeZs_ThacXhjAAAz
Client connected: KD44MYS-6d3P3vUAAAA1
Client connected: WSDYu6_-rd6puKQTAAA3
Client connected: DhSNPHerxwlqmI0hAAA5
Client connected: xusttLT5mKC6Xah1AAA7
Client connected: tQnx3yKZ-mkED9agAAA9
Client connected: S6dpDSzNFqw1zi9tAAA_
Client connected: G9fTp57E1rkKpetMAABB
--- Final Config Loaded in App ---
MONGO_URI: mongodb+srv://yahoo1438:B6pdsUsGRehSoYn0@mywebsite.nq4f2rc.mongodb.net/my_website?retryWrites=true&w=majority&appName=mywebsite
AZURE_KEY: True
----------------------------------
Client connected: LK6jm40Dzh5emjWeAAAB
Client connected: k7co4Z-fZT3fLQS3AAAD
Client connected: GvFX6uvm703p_5h-AAAF
Client disconnected: k7co4Z-fZT3fLQS3AAAD
Client disconnected: GvFX6uvm703p_5h-AAAF
Client connected: _X4DSdkIHzDFBXBYAAAH
Client connected: 75wqSNK5JxQWfn_IAAAJ
Client disconnected: 75wqSNK5JxQWfn_IAAAJ
Client connected: 9YmhDy0w8nCBzrPSAAAL
Client connected: hfeHjto_zSvifYGfAAAN
Client disconnected: hfeHjto_zSvifYGfAAAN
Client connected: cCF9XQf3Ab7qEdVAAAAQ
Client connected: D0lk_Wbe-RmUo2zqAAAS
Client connected: cEU-LBP9NIfzZSUFAAAU
Client connected: R08sUaGb1AOX6hZoAAAW
Client disconnected: R08sUaGb1AOX6hZoAAAW
Client connected: OINJnVx1SmYAfJxFAAAY
Client disconnected: LK6jm40Dzh5emjWeAAAB
Client connected: -TESmHyZ9_SCWhX3AAAc
Client disconnected: -TESmHyZ9_SCWhX3AAAc
Client connected: EICxDGvlLzy2vv0FAAAe
Client connected: FgQzf0spNUSsovqHAAAg
Client connected: 2w0owyBVCN_vy0glAAAi
Client disconnected: 2w0owyBVCN_vy0glAAAi
Client connected: AC0rXeW_nTnRlQFnAAAk
Client disconnected: 9YmhDy0w8nCBzrPSAAAL
Client disconnected: cCF9XQf3Ab7qEdVAAAAQ
Client disconnected: D0lk_Wbe-RmUo2zqAAAS
Client disconnected: cEU-LBP9NIfzZSUFAAAU
Client disconnected: OINJnVx1SmYAfJxFAAAY
Client disconnected: _X4DSdkIHzDFBXBYAAAH
Client connected: 3E8KFL4207SXx_txAAAn
Client connected: 9iGP6audqI_97uctAAAp
Client disconnected: FgQzf0spNUSsovqHAAAg
Client disconnected: AC0rXeW_nTnRlQFnAAAk
Client disconnected: EICxDGvlLzy2vv0FAAAe
Client disconnected: 3E8KFL4207SXx_txAAAn
Client disconnected: 9iGP6audqI_97uctAAAp
Client connected: Qyu3XbGU5S1jm9MHAAAr
Client connected: 9U4P5jR9ulJB6g0SAAAu
Client connected: 4z6aoXX0kq4rXwpLAAAx
Client connected: AtwHJzjDc9R46ZdFAAA0
Client connected: 52KEPnp5uNlVaRiWAAA2
Client disconnected: AtwHJzjDc9R46ZdFAAA0
Client connected: 6yJJBC9oJ0S2zKxRAAA4
Client connected: a_R7gYUFH_UZ3mfWAAA6
Client disconnected: a_R7gYUFH_UZ3mfWAAA6
Client connected: BhEPOat2MaKy_FkyAAA8
Client disconnected: Qyu3XbGU5S1jm9MHAAAr
Client disconnected: 4z6aoXX0kq4rXwpLAAAx
Client disconnected: 52KEPnp5uNlVaRiWAAA2
--- Final Config Loaded in App ---
MONGO_URI: mongodb+srv://yahoo1438:B6pdsUsGRehSoYn0@mywebsite.nq4f2rc.mongodb.net/my_website?retryWrites=true&w=majority&appName=mywebsite
AZURE_KEY: True
----------------------------------
Client connected: jvyI8WD-qWPTz0pEAAAB
Client connected: rjjQ1u0qrL5bCDCjAAAD
Client disconnected: rjjQ1u0qrL5bCDCjAAAD
Client connected: JvtKKzVorktfSEkcAAAF
Client connected: eX7r99nwuX8al0wbAAAH
Client connected: u24g7Lz2WV03Bdt8AAAJ
Client connected: Ktszg5njUbmdKoexAAAM
Client connected: vEL2uXusnnt-fC2yAAAQ
Client connected: bWu__JuCeIF4XAIjAAAS
Client disconnected: bWu__JuCeIF4XAIjAAAS
Client disconnected: eX7r99nwuX8al0wbAAAH
Client disconnected: u24g7Lz2WV03Bdt8AAAJ
Client connected: fZuzL2dfHoE-0ksTAAAW
Client connected: sFOrEOqXz5ZNGSrhAAAY
Client connected: YL9WSgsO10ccP4fJAAAa
Client disconnected: Ktszg5njUbmdKoexAAAM
Client disconnected: vEL2uXusnnt-fC2yAAAQ
Client disconnected: jvyI8WD-qWPTz0pEAAAB
Client disconnected: JvtKKzVorktfSEkcAAAF
Client disconnected: sFOrEOqXz5ZNGSrhAAAY
Client disconnected: YL9WSgsO10ccP4fJAAAa
Client connected: DUWDtEDM8xKN3_wJAAAc
Client disconnected: fZuzL2dfHoE-0ksTAAAW
Client connected: AoHsrUR80oXYgA6QAAAf
Client connected: y7ps4bNMnedsNP0WAAAi
Client disconnected: DUWDtEDM8xKN3_wJAAAc
Client disconnected: AoHsrUR80oXYgA6QAAAf
Client connected: MYNDRj1q_mdBn0YcAAAm
Client disconnected: y7ps4bNMnedsNP0WAAAi
Client disconnected: MYNDRj1q_mdBn0YcAAAm
Client connected: 1MPUlJgb6rKQJI6uAAAo
Client connected: zsR71T5oFsuNEBzfAAAq
Client disconnected: zsR71T5oFsuNEBzfAAAq
Client connected: i2-1-Hm0d9Z7ZVbDAAAt
Client connected: cFWLlnoENhpEqIPSAAAv
Client connected: mqFN1VUH7qw0HpwvAAAx
Client disconnected: 1MPUlJgb6rKQJI6uAAAo
Client disconnected: i2-1-Hm0d9Z7ZVbDAAAt
Client disconnected: cFWLlnoENhpEqIPSAAAv
--- Final Config Loaded in App ---
MONGO_URI: mongodb+srv://yahoo1438:B6pdsUsGRehSoYn0@mywebsite.nq4f2rc.mongodb.net/my_website?retryWrites=true&w=majority&appName=mywebsite
AZURE_KEY: True
----------------------------------
Client connected: Ut-91pI5Es0W66smAAAB
Client connected: NIxtdfOaNIUZwRWEAAAD
Client disconnected: NIxtdfOaNIUZwRWEAAAD
Client connected: Awh6N5ye852SZuBfAAAF
Client connected: U-8b3ZT9JfWc8OG_AAAH
Client connected: _Nb6mKJDNvvW5kPfAAAJ
Client connected: kPIubPBxuBTP8WI0AAAM
Client connected: jCd-aIbbGrdcirnGAAAO
Client disconnected: jCd-aIbbGrdcirnGAAAO
Client connected: ZjeYiVtoq73MdfQVAAAQ
Client disconnected: ZjeYiVtoq73MdfQVAAAQ
Client disconnected: U-8b3ZT9JfWc8OG_AAAH
Client disconnected: _Nb6mKJDNvvW5kPfAAAJ
Client connected: 4tSf0WQQGdWVwNGzAAAT
Client connected: 27w4NAGXBkkGca51AAAV
Client connected: Wo2GnKZAZWAzU13gAAAX
Client disconnected: Wo2GnKZAZWAzU13gAAAX
Client connected: fYXM0VYy27kX5-P2AAAZ
Client disconnected: fYXM0VYy27kX5-P2AAAZ
Client disconnected: Ut-91pI5Es0W66smAAAB
Client disconnected: Awh6N5ye852SZuBfAAAF
Client disconnected: kPIubPBxuBTP8WI0AAAM
Client connected: JAWMLTMlKFI8lBbbAAAd
Client disconnected: JAWMLTMlKFI8lBbbAAAd
Client connected: jRUAw4iP9_l2nz2fAAAg
Client connected: M-4decM3J2qtDMndAAAi
Client disconnected: M-4decM3J2qtDMndAAAi
Client connected: zjY7bX5535SiwYR0AAAk
Client disconnected: zjY7bX5535SiwYR0AAAk
Client connected: iwr3vtB9Zoorp3lmAAAm
Client connected: PWj3s8XCUekeCTJcAAAo
Client disconnected: 4tSf0WQQGdWVwNGzAAAT
Client disconnected: 27w4NAGXBkkGca51AAAV
Client disconnected: jRUAw4iP9_l2nz2fAAAg
Client disconnected: iwr3vtB9Zoorp3lmAAAm
Client connected: O3ekJi9OfOj2EFPIAAAs
Client disconnected: PWj3s8XCUekeCTJcAAAo
Client disconnected: O3ekJi9OfOj2EFPIAAAs
Client connected: O8Bn1BTpxqUojZ7RAAAv
Client connected: sWcphi3lsz8L2bf7AAAx
Client connected: 1FDMCrCcr-jfRkTDAAAz
Client disconnected: 1FDMCrCcr-jfRkTDAAAz
Client connected: h5Z9pISB8c0E4KhgAAA1
Client connected: cNuXOJugF8wulH0VAAA4
Client disconnected: cNuXOJugF8wulH0VAAA4
Client disconnected: h5Z9pISB8c0E4KhgAAA1
Client disconnected: O8Bn1BTpxqUojZ7RAAAv
Client disconnected: sWcphi3lsz8L2bf7AAAx
Client connected: FnIp5qUTdqlyklWVAAA8
Client connected: UaJ3ZXPluwBv4b53AAA-
Client disconnected: UaJ3ZXPluwBv4b53AAA-
Client connected: 2dSqsOFU2ZGnBZ0fAABA
Client connected: c63o7EFaUgY6PVwsAABC
Client disconnected: c63o7EFaUgY6PVwsAABC
Client connected: VrEJZo6n8i4QFlR0AABF
Client disconnected: 2dSqsOFU2ZGnBZ0fAABA
Client disconnected: FnIp5qUTdqlyklWVAAA8
Client disconnected: VrEJZo6n8i4QFlR0AABF
Client connected: hBjC99IJTb9wH4zaAABH
Client connected: BCEWvWOjwcnGDd8LAABJ
Client disconnected: BCEWvWOjwcnGDd8LAABJ
Client connected: Zqw68HEefHygkImHAABL
Client connected: eg17dTmoJR0wqH60AABO
Client connected: PX-IzPdmWzGrHbx1AABQ
Client connected: H-D7QiXU0g9v5Rh6AABS
Client disconnected: H-D7QiXU0g9v5Rh6AABS
Client connected: 9xsiwNa3qM5CFuvQAABU
Client connected: 90scrD8Dsjcfl6jDAABW
Client connected: xBpHXvETCQ7HL6egAABY
Client connected: 5fZjVD796GwsMFtMAABa
Client connected: -1N43scLi7_3GK6sAABc
Client disconnected: -1N43scLi7_3GK6sAABc
Client connected: LYcZMEOGgjmmG76gAABe
Client disconnected: Zqw68HEefHygkImHAABL
Client disconnected: hBjC99IJTb9wH4zaAABH
Client connected: WRKgzB-Ya1rn8RB1AABh
Client disconnected: 90scrD8Dsjcfl6jDAABW
Client disconnected: xBpHXvETCQ7HL6egAABY
Client disconnected: 5fZjVD796GwsMFtMAABa
Client disconnected: LYcZMEOGgjmmG76gAABe
Client disconnected: eg17dTmoJR0wqH60AABO
Client disconnected: PX-IzPdmWzGrHbx1AABQ
Client disconnected: 9xsiwNa3qM5CFuvQAABU
Client disconnected: WRKgzB-Ya1rn8RB1AABh
Client connected: MVJj8JpS6Ow4qnXeAABj
Client connected: JhvNLisbFbDZG_9JAABn
Client disconnected: JhvNLisbFbDZG_9JAABn
Client connected: 4asQ3O6aGo31yCEOAABp
Client disconnected: 4asQ3O6aGo31yCEOAABp
Client connected: VwHXxhWHVm-6ldWCAABt
Client connected: al6IjlRwggKI4hxeAABv
Client connected: 6UIvaxoiuQnj9DfMAABx
Client disconnected: 6UIvaxoiuQnj9DfMAABx
Client connected: mnUylVQ2ms7ssl8kAABz
Client connected: ltsCI9uJqGdyTewLAAB1
Client disconnected: MVJj8JpS6Ow4qnXeAABj
Client connected: PVjiJaAwnYNStxrWAAB4
Client connected: DFnsfj8oXcanOBmpAAB7
Client disconnected: mnUylVQ2ms7ssl8kAABz
Client disconnected: ltsCI9uJqGdyTewLAAB1
Client connected: Nx3DDy1Sb7DOxNU0AAB-
Client connected: OH26UJ8_GS502Rz7AACB
Client disconnected: OH26UJ8_GS502Rz7AACB
Client connected: icddH2-Lm2tSHLeOAACF
Client disconnected: icddH2-Lm2tSHLeOAACF
Client connected: KIQP_8KHnY5VEEkHAACI
Client connected: tuwBXGcqwXmtGf1iAACK
Client connected: xqJTVHvC7xRB2fglAACM
Client connected: jDEkW4_jmOXP11CsAACO
Client connected: eHOD22c4DVy_iojUAACQ
Client disconnected: eHOD22c4DVy_iojUAACQ
Client connected: 7brDmQm43iU5ITZcAACS
Client disconnected: DFnsfj8oXcanOBmpAAB7
Client disconnected: VwHXxhWHVm-6ldWCAABt
Client disconnected: al6IjlRwggKI4hxeAABv
Client disconnected: PVjiJaAwnYNStxrWAAB4
Client connected: Yzo0J1sLB47fYSHuAACX
Client connected: grupnNe6Veopo0weAACZ
Client disconnected: Nx3DDy1Sb7DOxNU0AAB-
Client disconnected: KIQP_8KHnY5VEEkHAACI
Client disconnected: tuwBXGcqwXmtGf1iAACK
Client disconnected: xqJTVHvC7xRB2fglAACM
Client disconnected: jDEkW4_jmOXP11CsAACO
Client disconnected: 7brDmQm43iU5ITZcAACS
--- Final Config Loaded in App ---
MONGO_URI: mongodb+srv://yahoo1438:B6pdsUsGRehSoYn0@mywebsite.nq4f2rc.mongodb.net/my_website?retryWrites=true&w=majority&appName=mywebsite
AZURE_KEY: True
----------------------------------
Client connected: iUzbhLsAPkEiUfJsAAAB
Client connected: jvrDOVMyFqlGqS7BAAAF
Client connected: Go5Ur80DDkpJa2yRAAAH
Client disconnected: iUzbhLsAPkEiUfJsAAAB
Client disconnected: jvrDOVMyFqlGqS7BAAAF
Client connected: egoqFaYQKavyiW72AAAM
Client connected: DyeB5SeY8vcw6HLKAAAO
Client disconnected: Go5Ur80DDkpJa2yRAAAH
Client connected: 4B3TEWQyREAwYzktAAAR
Client connected: kwi-BuEpaWuRx1WRAAAT
Client disconnected: egoqFaYQKavyiW72AAAM
Client disconnected: DyeB5SeY8vcw6HLKAAAO
Client connected: bgBe0-m8uYC-fENWAAAW
Client disconnected: bgBe0-m8uYC-fENWAAAW
Client disconnected: 4B3TEWQyREAwYzktAAAR
Client disconnected: kwi-BuEpaWuRx1WRAAAT
Client connected: xutr5BHiMSwz30bAAAAd
Client disconnected: xutr5BHiMSwz30bAAAAd
Client connected: IXbjKo3R5lREerJrAAAf
Client disconnected: IXbjKo3R5lREerJrAAAf
Client connected: 6cS-q_lZLl59d1uBAAAi
Client connected: 13cj3XUvz5CJRCuaAAAk
Client connected: h3UcNs8g5cRtneWPAAAm
Client disconnected: h3UcNs8g5cRtneWPAAAm
Client connected: IYb4ZJM1nKNAuLKfAAAo
Client connected: 9wQLjpi21HK6A4_SAAAq
Client disconnected: 9wQLjpi21HK6A4_SAAAq
Client connected: 228dVa5y1-dO-LRoAAAt
Client connected: nHEeQd1j2-gXTm9VAAAv
Client disconnected: nHEeQd1j2-gXTm9VAAAv
Client connected: fDd9jFEAi9tMz1u_AAAx
Client connected: X8f9uApvpYzBSv4aAAAz
Client disconnected: 13cj3XUvz5CJRCuaAAAk
Client disconnected: IYb4ZJM1nKNAuLKfAAAo
Client disconnected: 6cS-q_lZLl59d1uBAAAi
Client connected: e27DdwMap57SU37hAAA2
Client connected: 8FDHQR8SP6WNSffnAAA4
Client disconnected: 8FDHQR8SP6WNSffnAAA4
Client disconnected: 228dVa5y1-dO-LRoAAAt
Client disconnected: fDd9jFEAi9tMz1u_AAAx
Client disconnected: X8f9uApvpYzBSv4aAAAz
Client connected: xz6PHxoeVqJjA3_3AAA9
Client disconnected: xz6PHxoeVqJjA3_3AAA9
Client connected: 3Haue08JBe5Ms_ZMAAA_
Client disconnected: 3Haue08JBe5Ms_ZMAAA_
Client connected: pK_jKRsaFjnZwN9oAABB
Client disconnected: pK_jKRsaFjnZwN9oAABB
Client connected: WWA6LkgoPqHFDS3xAABD
Client disconnected: e27DdwMap57SU37hAAA2
Client disconnected: WWA6LkgoPqHFDS3xAABD
Client connected: sH-2Ot4V04WxJ1nwAABJ
Client connected: WNAOIqb0JvfijhlsAABM
Client connected: WpOJkrCTtcfC_FMyAABO
Client disconnected: WpOJkrCTtcfC_FMyAABO
Client connected: 7HKLS2vyeOIHKajTAABQ
--- Final Config Loaded in App ---
MONGO_URI: mongodb+srv://yahoo1438:B6pdsUsGRehSoYn0@mywebsite.nq4f2rc.mongodb.net/my_website?retryWrites=true&w=majority&appName=mywebsite
AZURE_KEY: True
----------------------------------
Client connected: szuivHCEqUOwNsIeAAAB
Client disconnected: szuivHCEqUOwNsIeAAAB
Client connected: nyT7F54V1_IsR336AAAH
Client disconnected: nyT7F54V1_IsR336AAAH
Client connected: bjJCKDWeKm_mRdMlAAAL
Client disconnected: bjJCKDWeKm_mRdMlAAAL
Client connected: SvI89tBqdgw6MWunAAAN
Client disconnected: SvI89tBqdgw6MWunAAAN
Client connected: V0dnimEsAuzDBzxfAAAQ
Client connected: PAWzMKDDE2QqylnAAAAS
Client connected: V7uh4d_2FIe_sDBbAAAU
Client connected: v8UCJbR-3pOB2rFWAAAW
Client disconnected: v8UCJbR-3pOB2rFWAAAW
Client connected: vU1722A4xEfTeBv8AAAY
Client connected: yba6MbiplKo0og4rAAAb
Client disconnected: yba6MbiplKo0og4rAAAb
Client disconnected: V0dnimEsAuzDBzxfAAAQ
Client disconnected: vU1722A4xEfTeBv8AAAY
Client connected: K34_zbmsehDZr_uKAAAg
Client connected: wOmSktw7X_hb5OMaAAAi
Client connected: -bnw0Zgw17_bIV11AAAk
Client connected: RakRWtZH4GfVMz2YAAAm
Client connected: VrQJp6LxDwt9Eru7AAAo
Client disconnected: PAWzMKDDE2QqylnAAAAS
Client disconnected: V7uh4d_2FIe_sDBbAAAU
Client disconnected: K34_zbmsehDZr_uKAAAg
Client disconnected: wOmSktw7X_hb5OMaAAAi
Client disconnected: -bnw0Zgw17_bIV11AAAk
Client disconnected: RakRWtZH4GfVMz2YAAAm
Client disconnected: VrQJp6LxDwt9Eru7AAAo
Client connected: tIUJBAbv4xu3EJh3AAAs
Client disconnected: tIUJBAbv4xu3EJh3AAAs
Client connected: 82iTJmkHaae1YESWAAAu
Client connected: R5NyKwtjUyx_S0ljAAAw
Client connected: ARTRFQwefFUKQ2IxAAAz
Client disconnected: R5NyKwtjUyx_S0ljAAAw
Client disconnected: ARTRFQwefFUKQ2IxAAAz
Client disconnected: 82iTJmkHaae1YESWAAAu
Client connected: iuLjAYaZ3mgi-SJIAAA5
Client connected: LKQ5be6vatvX3L0lAAA9
Client connected: gGGoBTRFVrf-v7scAAA_
Client disconnected: iuLjAYaZ3mgi-SJIAAA5
Client connected: u5FlxL-HFmK32YN2AABC
Client disconnected: gGGoBTRFVrf-v7scAAA_
Client disconnected: LKQ5be6vatvX3L0lAAA9
Client connected: 6ehlfBVRNhPchGmJAABJ
Client connected: 8zqh1k8J0kSp-nHqAABM
Client disconnected: u5FlxL-HFmK32YN2AABC
Client disconnected: 8zqh1k8J0kSp-nHqAABM
Client connected: HMQXPo1TrrvpZzKtAABQ
Client connected: nkErnP3oRwb7R5UEAABS
Client disconnected: 6ehlfBVRNhPchGmJAABJ
Client connected: uSpQoitsxJ158GreAABU
Client connected: tn_VxJ4GDS643pVjAABW
Client connected: hF0n9ElbBveEZuHsAABZ
Client connected: r3OOQdyVjXchhyydAABb
Client disconnected: nkErnP3oRwb7R5UEAABS
Client disconnected: HMQXPo1TrrvpZzKtAABQ
Client connected: wLqSvQk5YcWTUUnAAABe
Client connected: ibDjvofEpiN0cD-wAABg
Client connected: xloZjL8NRhme2jtWAABi
Client connected: tY_QZxcAymChXwYzAABk
Client connected: YMwUgIpO4fokChj5AABn
Client disconnected: uSpQoitsxJ158GreAABU
Client disconnected: tn_VxJ4GDS643pVjAABW
Client disconnected: hF0n9ElbBveEZuHsAABZ
Client disconnected: r3OOQdyVjXchhyydAABb
Client connected: R8jEYCrqVJ0pP4wHAABq
Client connected: UaqQWUj39TaJtnMHAABs
Client disconnected: wLqSvQk5YcWTUUnAAABe
Client disconnected: ibDjvofEpiN0cD-wAABg
Client disconnected: xloZjL8NRhme2jtWAABi
Client disconnected: tY_QZxcAymChXwYzAABk
Client disconnected: YMwUgIpO4fokChj5AABn
Client connected: BM3IS1oV19KVa8Z9AABv
Client disconnected: R8jEYCrqVJ0pP4wHAABq
Client disconnected: UaqQWUj39TaJtnMHAABs
Client disconnected: BM3IS1oV19KVa8Z9AABv
Client connected: M48V-84OT2KM-WW-AAB4
Client connected: CQD2uJjW3bgfS-tvAAB6
Client connected: WYTND8UxyzqU-zfnAAB8
Client connected: -pWIbKvZhANhj2aEAAB_
Client connected: L1bUdAhtln_BaPFVAACB
Client connected: cbm84tNjvqvsqWYQAACD
Client disconnected: WYTND8UxyzqU-zfnAAB8
Client connected: y9SPWMREq6G2uHO_AACG
Client connected: NsEas9BxckzEkr-kAACI
Client connected: Ici11iR7nItDTdnvAACK
Client connected: oEOiSXlVG_CQGP3SAACM
Client disconnected: oEOiSXlVG_CQGP3SAACM
Client connected: V7F7OFclHybtka-DAACO
Client connected: sFmDzumWiUkZRD6GAACQ
Client connected: dnofJcobUj7j_2oTAACS
Client connected: zQ9S7U1Ui361hcCEAACU
Client disconnected: M48V-84OT2KM-WW-AAB4
Client disconnected: CQD2uJjW3bgfS-tvAAB6
Client disconnected: -pWIbKvZhANhj2aEAAB_
Client disconnected: L1bUdAhtln_BaPFVAACB
Client disconnected: cbm84tNjvqvsqWYQAACD
Client disconnected: Ici11iR7nItDTdnvAACK
Client disconnected: V7F7OFclHybtka-DAACO
Client disconnected: sFmDzumWiUkZRD6GAACQ
Client disconnected: dnofJcobUj7j_2oTAACS
Client connected: kynP4KE4qTgdULpoAACY
Client connected: vSrrSdByTNiu61r2AACa
Client disconnected: zQ9S7U1Ui361hcCEAACU
Client disconnected: y9SPWMREq6G2uHO_AACG
Client disconnected: NsEas9BxckzEkr-kAACI
Client disconnected: vSrrSdByTNiu61r2AACa
Client connected: 5zCMNRbbKIC7C5qbAACc
Client connected: ROVT_n4TLNrIfFOKAACe
Client disconnected: kynP4KE4qTgdULpoAACY
Client connected: cx1BVytieqkq3D6QAACh
Client connected: skEAteVDgLfBv3DoAACk
Client disconnected: ROVT_n4TLNrIfFOKAACe
Client connected: WQrhCZro1ZVJEM-bAACm
Client connected: QzcYTL0W0sHzG7_jAACp
Client disconnected: QzcYTL0W0sHzG7_jAACp
Client disconnected: cx1BVytieqkq3D6QAACh
Client disconnected: skEAteVDgLfBv3DoAACk
Client disconnected: 5zCMNRbbKIC7C5qbAACc
Client connected: Dv2R_b34cY1uRGQWAACt
Client connected: EIB4FpejjXFSa8bkAACv
Client connected: A6ChnZx25ZVdLF_fAACy
Client connected: 2NlksUY6HkGszf0kAAC0
Client connected: pFeRUzlp8TeO63nyAAC2
Client connected: ySFbsguXmkvesPTFAAC4
Client disconnected: ySFbsguXmkvesPTFAAC4
Client connected: qq4II1dZ9vs91kMpAAC6
Client connected: 5OhI-_35ucMImc91AAC8
Client connected: HU_NIsj35SyRNOmuAAC-
Client disconnected: WQrhCZro1ZVJEM-bAACm
Client connected: z88g_KHSXWkwrJb9AADC
Client connected: kPV38jlqh-uOHGzrAADE
Client connected: 89qLEY4-u1Kwd-25AADG
Client connected: JnbODhYWBejifbNoAADJ
Client connected: GJe03OSQKMtg4QnNAADK
Client disconnected: Dv2R_b34cY1uRGQWAACt
Client disconnected: EIB4FpejjXFSa8bkAACv
Client disconnected: A6ChnZx25ZVdLF_fAACy
Client disconnected: 2NlksUY6HkGszf0kAAC0
Client disconnected: pFeRUzlp8TeO63nyAAC2
Client disconnected: qq4II1dZ9vs91kMpAAC6
Client disconnected: 5OhI-_35ucMImc91AAC8
Client disconnected: HU_NIsj35SyRNOmuAAC-
Client disconnected: z88g_KHSXWkwrJb9AADC
Client disconnected: kPV38jlqh-uOHGzrAADE
Client connected: 1sPjQbVxwkn2h0m2AADP
Client disconnected: 1sPjQbVxwkn2h0m2AADP
Client connected: jFLzk_3ZtWtgIiNmAADT
Client disconnected: jFLzk_3ZtWtgIiNmAADT
Client connected: 5MhEGhcIyZaZMeqjAADV
Client connected: NhdQ8-G6up1BB1e_AADX
Client connected: mekD11fEXk7cxrUgAADZ
Client connected: O6ZjeScDLeyyiSQ-AADb
Client connected: LX4YO2RtZTBfpTwgAADd
Client connected: hEIFAwnGnJOB1t8JAADf
Client disconnected: 89qLEY4-u1Kwd-25AADG
Client disconnected: GJe03OSQKMtg4QnNAADK
Client disconnected: JnbODhYWBejifbNoAADJ
Client connected: AMxgSGxyGeqEB2vcAADi
Client connected: tftzmE9QpmgJMw7IAADk
Client connected: FPBU0Oe-HV7hL_xCAADm
Client connected: xn9zZ8IKOWabYzKMAADo
Client disconnected: xn9zZ8IKOWabYzKMAADo
Client connected: A_zZFeUwncgyUxZKAADq
Client connected: 2ooJ66hw4qGSjJkIAADv
Client connected: CG6LyUZH3YKl-IVIAADz
Client disconnected: 5MhEGhcIyZaZMeqjAADV
Client disconnected: NhdQ8-G6up1BB1e_AADX
Client disconnected: mekD11fEXk7cxrUgAADZ
Client disconnected: O6ZjeScDLeyyiSQ-AADb
Client disconnected: LX4YO2RtZTBfpTwgAADd
Client disconnected: hEIFAwnGnJOB1t8JAADf
Client connected: _etCix-lYbihG1OGAAD3
Client disconnected: 2ooJ66hw4qGSjJkIAADv
Client disconnected: CG6LyUZH3YKl-IVIAADz
Client disconnected: AMxgSGxyGeqEB2vcAADi
Client disconnected: tftzmE9QpmgJMw7IAADk
Client disconnected: FPBU0Oe-HV7hL_xCAADm
Client disconnected: A_zZFeUwncgyUxZKAADq
Client connected: YuHAhbxL1JCn6-9zAAD_
Client disconnected: YuHAhbxL1JCn6-9zAAD_
Client connected: rQ87k_SvkcTmv8tCAAEB
Client disconnected: rQ87k_SvkcTmv8tCAAEB
Client connected: yZndbS1RdVvHeGFOAAEG
Client connected: iwT1Lp4IKLJr6UMiAAEI
Client disconnected: iwT1Lp4IKLJr6UMiAAEI
Client connected: ht3u6SkEDyExyjXDAAEL
Client disconnected: ht3u6SkEDyExyjXDAAEL
Client connected: vME0b9qA13cmUtCnAAEN
Client disconnected: vME0b9qA13cmUtCnAAEN
Client connected: e4e4gCDbExStw--wAAET
Client connected: G7PEG6aBS7nlDgMxAAEX
Client connected: ZpR8EsFBPE9FTOTHAAEa
Client disconnected: ZpR8EsFBPE9FTOTHAAEa
Client connected: CL6Qcf3-sOSe7dERAAEf--- Final Config Loaded in App ---
MONGO_URI: mongodb+srv://yahoo1438:B6pdsUsGRehSoYn0@mywebsite.nq4f2rc.mongodb.net/my_website?retryWrites=true&w=majority&appName=mywebsite
AZURE_KEY: True
----------------------------------
Client connected: cnu15LdrpfYmrc28AAAB
Client connected: n3QrQQeGJowTdIp3AAAE
Client connected: kPwF80BRInCIBLW7AAAH
Client connected: 3kiRdUR86cqhKLulAAAJ
Client disconnected: 3kiRdUR86cqhKLulAAAJ
Client connected: gijOPetkXP-Y1QIHAAAL
Client connected: 3n2z4q_gxM_-ArG9AAAN
Client disconnected: 3n2z4q_gxM_-ArG9AAAN
Client connected: QcxLDpdxD0t3-lLCAAAQ
Client connected: C5wetvCMnTIFo367AAAS
Client disconnected: C5wetvCMnTIFo367AAAS
Client connected: 36fkNS_duwAbj0ZAAAAV
Client disconnected: 36fkNS_duwAbj0ZAAAAV
Client connected: IyxARUQ0NWJL8OtpAAAX
Client disconnected: IyxARUQ0NWJL8OtpAAAX
Client connected: z7Qy7zsGAk6_nxJjAAAZ
Client connected: 79P5zHNk6qxHO6joAAAd
Client disconnected: 79P5zHNk6qxHO6joAAAd
Client connected: A2Qd7YsduqYp3-YRAAAf
Client disconnected: A2Qd7YsduqYp3-YRAAAf
Client connected: rNL30uDP4-lEQ6o7AAAh
Client disconnected: rNL30uDP4-lEQ6o7AAAh
Client connected: 47u5yccr1cGRqSPtAAAj
Client connected: f62CtSgqo0nFioQRAAAl
Client disconnected: f62CtSgqo0nFioQRAAAl
Client connected: SpBOd7sMCBcd0jkqAAAp
Client connected: gnc9Gk54gQ7mXxpCAAAr
Client connected: HNXRnfnbe350FjmaAAAu
Client disconnected: HNXRnfnbe350FjmaAAAu
Client connected: 2Ap_GkKXqor_6EWxAAAw
Client disconnected: 2Ap_GkKXqor_6EWxAAAw
Client connected: n0uLPjGMbZ7vKq_3AAAy
Client connected: 8D_sezPJ-lFzVR-lAAA1
Client disconnected: 8D_sezPJ-lFzVR-lAAA1
Client connected: 5ykgXsnD07EKcYiiAAA3
Client disconnected: 5ykgXsnD07EKcYiiAAA3
Client connected: wlU3Y_ycFh9SBLuHAAA5
Client disconnected: wlU3Y_ycFh9SBLuHAAA5
Client connected: UtJQIpYtmjKKU-SuAAA7
Client disconnected: UtJQIpYtmjKKU-SuAAA7
Client connected: qW_x2IEVV1CsW7IiAAA9
Client disconnected: qW_x2IEVV1CsW7IiAAA9
Client connected: iB-wIZJX7hQHU-29AAA_
Client disconnected: iB-wIZJX7hQHU-29AAA_
Client connected: kgqLKCNbCJAh6NLUAABC
Client disconnected: kgqLKCNbCJAh6NLUAABC
Client connected: x5WY8v4wffgaxljnAABE
Client disconnected: x5WY8v4wffgaxljnAABE
Client connected: gZwq8XcMFRih2AoGAABG
Client disconnected: cnu15LdrpfYmrc28AAAB
Client disconnected: kPwF80BRInCIBLW7AAAH
Client disconnected: gijOPetkXP-Y1QIHAAAL
Client disconnected: QcxLDpdxD0t3-lLCAAAQ
Client disconnected: gZwq8XcMFRih2AoGAABG
Client connected: muS8UpE0lRui0lwsAABI
Client connected: 9SbS3rGdufZhUr5zAABK
Client disconnected: 9SbS3rGdufZhUr5zAABK
Client connected: f7ewvuXUHNn8iBE3AABM
Client disconnected: f7ewvuXUHNn8iBE3AABM
Client connected: NplcCYOhnXpp-64EAABP
Client disconnected: NplcCYOhnXpp-64EAABP
Client connected: Ev9RLqCM-SVdqiqpAABR
Client disconnected: Ev9RLqCM-SVdqiqpAABR
Client connected: Br6p0h5ZAwQmHDq0AABT
Client disconnected: Br6p0h5ZAwQmHDq0AABT
Client connected: 0clCbftilLgMtndyAABW
Client connected: QJWYxocwWrMuu5zCAABZ
Client disconnected: QJWYxocwWrMuu5zCAABZ
Client connected: 7wKdAgyUprP0l97NAABb
Client connected: I5f8RclmO8mbVicZAABd
Client disconnected: I5f8RclmO8mbVicZAABd
Client disconnected: z7Qy7zsGAk6_nxJjAAAZ
Client disconnected: 47u5yccr1cGRqSPtAAAj
Client disconnected: SpBOd7sMCBcd0jkqAAAp
Client disconnected: gnc9Gk54gQ7mXxpCAAAr
Client disconnected: n0uLPjGMbZ7vKq_3AAAy
Client disconnected: n3QrQQeGJowTdIp3AAAE
Client connected: RTkXCdfxZ3aXDpSJAABh
Client disconnected: RTkXCdfxZ3aXDpSJAABh
Client connected: iGIoYg-vcQ0aAwuUAABj
Client connected: icJOaFNffXWF_QLzAABl
Client disconnected: icJOaFNffXWF_QLzAABl
Client connected: Y9hVfNI7muTxtAe7AABn
Client disconnected: Y9hVfNI7muTxtAe7AABn
Client connected: -31havBH8wVkoF3yAABq
Client disconnected: -31havBH8wVkoF3yAABq
Client connected: SLx0IicW0pBEhVgIAABs
Client disconnected: SLx0IicW0pBEhVgIAABs
Client connected: wmwp2frKw7JXnTj9AABu
Client disconnected: wmwp2frKw7JXnTj9AABu
Client connected: UuqKvrHLijl4euwEAABw
Client disconnected: UuqKvrHLijl4euwEAABw
Client connected: JHqCUduRgQVK6PgCAABy
Client disconnected: JHqCUduRgQVK6PgCAABy
Client connected: tuoEMNL_QiDGpMtuAAB0
Client disconnected: tuoEMNL_QiDGpMtuAAB0
Client connected: r5FJAIQaZCox9l3PAAB2
Client disconnected: r5FJAIQaZCox9l3PAAB2
Client connected: wQtpxR74W0YWNi3kAAB5
Client disconnected: wQtpxR74W0YWNi3kAAB5
Client connected: gBs4EJk7CaufqmdRAAB7
Client disconnected: gBs4EJk7CaufqmdRAAB7
Client connected: 5o8hhOeON2xMYEJ0AAB9
Client disconnected: 5o8hhOeON2xMYEJ0AAB9
Client connected: TNObHKW2Lxryc4iUAACA
Client disconnected: TNObHKW2Lxryc4iUAACA
Client connected: u2jfLF0lJGixNpc3AACC
Client connected: WxuHZjHKojqXZtx9AACE
Client disconnected: WxuHZjHKojqXZtx9AACE
Client connected: W1QXyCZB0CpV6Z_FAACG
Client disconnected: W1QXyCZB0CpV6Z_FAACG
Client connected: jiwyEJ7Spt_JWyLyAACJ
Client disconnected: jiwyEJ7Spt_JWyLyAACJ
Client connected: R7GrPEKzuTHOrRGNAACL
Client connected: mWHfzebr8NN-_jPVAACN
Client connected: -qyy_B9q7s4E5ZmMAACP
Client disconnected: -qyy_B9q7s4E5ZmMAACP
Client connected: en6eHSAO8NA3EOb7AACS
Client disconnected: en6eHSAO8NA3EOb7AACS
Client connected: hvUoNtTw0-UZsIKRAACU
Client disconnected: hvUoNtTw0-UZsIKRAACU
Client connected: YaoawyWVMCK7-tKMAACX
Client disconnected: YaoawyWVMCK7-tKMAACX
Client connected: Pizm-nu1Iirx1ztAAACZ
Client disconnected: Pizm-nu1Iirx1ztAAACZ
Client connected: Ldt6UKK7b9omYwZtAACc
Client connected: Rwe9047J7msRxbIxAACe
Client disconnected: Rwe9047J7msRxbIxAACe
Client connected: Q8ev_6Y02aI-SbgzAACg
Client disconnected: Q8ev_6Y02aI-SbgzAACg
Client connected: 3kvBegK45Osn_6XZAACi
Client connected: bo621ZL4pmjGvudRAACk
Client connected: Nr5rOeuzJ3fZbMWoAACm
Client disconnected: Nr5rOeuzJ3fZbMWoAACm
Client connected: mtJDu6l3n4BS6YvXAACo
Client connected: AjtPju1vLbUe0SKGAACq
Client disconnected: AjtPju1vLbUe0SKGAACq
Client connected: PAkqz1wIwxZ2E5k0AACt
Client disconnected: PAkqz1wIwxZ2E5k0AACt
Client connected: 0GJf46NNKcSS1jvuAACv
Client disconnected: 0GJf46NNKcSS1jvuAACv
Client connected: yvvMYV8NfQHzC8t1AACx
Client disconnected: yvvMYV8NfQHzC8t1AACx
Client connected: 8HCxyX8T3RfSRlWbAACz
Client disconnected: muS8UpE0lRui0lwsAABI
Client disconnected: 0clCbftilLgMtndyAABW
Client disconnected: 7wKdAgyUprP0l97NAABb
Client connected: r2Fpb9800uRsCAs6AAC2
Client disconnected: Ldt6UKK7b9omYwZtAACc
Client disconnected: 3kvBegK45Osn_6XZAACi
Client disconnected: bo621ZL4pmjGvudRAACk
Client disconnected: mtJDu6l3n4BS6YvXAACo
Client disconnected: 8HCxyX8T3RfSRlWbAACz
Client disconnected: iGIoYg-vcQ0aAwuUAABj
Client disconnected: u2jfLF0lJGixNpc3AACC
Client disconnected: R7GrPEKzuTHOrRGNAACL
Client disconnected: mWHfzebr8NN-_jPVAACN
Client disconnected: r2Fpb9800uRsCAs6AAC2
Client connected: S7yqjfgtheZw3s8QAAC4
Client connected: 2IvYYWZbyQ3VFJbRAAC6
Client connected: WAhmHw4k9UB9Ui8tAAC8
Client connected: cGWT5kCdqYkxirJEAADA
Client disconnected: cGWT5kCdqYkxirJEAADA
Client connected: 9MBqN3QiLI7MOT2UAADC
Client connected: aJw7X4s0xlBuuuGSAADE
Client connected: cDKTlqfKKHQlLkt4AADG
Client connected: G7CXOlw7PeNJ1vg6AADI
Client disconnected: G7CXOlw7PeNJ1vg6AADI
Client connected: 8KIzE08dAfl0xDgpAADK
Client connected: yrQ295UtmA9mjj2GAADN
Client disconnected: yrQ295UtmA9mjj2GAADN
Client connected: 6sHPTuZDKDzoVhoBAADP
Client disconnected: 6sHPTuZDKDzoVhoBAADP
Client connected: 7uSUO0tLDKfDN5HzAADR
Client disconnected: 7uSUO0tLDKfDN5HzAADR
Client connected: sKph0kCAgW2sBYcGAADT
Client disconnected: sKph0kCAgW2sBYcGAADT
Client connected: HFPtJkD1PjW0EaKEAADV
Client disconnected: HFPtJkD1PjW0EaKEAADV
Client connected: ME-WwbWwcz_SKDQzAADX
Client disconnected: ME-WwbWwcz_SKDQzAADX
Client connected: rzMD2zeYnBSAZREkAADZ
Client disconnected: rzMD2zeYnBSAZREkAADZ
Client connected: R8SwaJKqErGJw8MDAADb
Client disconnected: R8SwaJKqErGJw8MDAADb
Client connected: 6vFIzVkqWei09ETNAADd
Client disconnected: 6vFIzVkqWei09ETNAADd
Client connected: zQVot1OtlY6RYcYiAADf
Client disconnected: zQVot1OtlY6RYcYiAADf
Client connected: qjzAFBlTwXE2dJ0yAADh
Client disconnected: qjzAFBlTwXE2dJ0yAADh
Client connected: n5CpJkfOvmOIL8r4AADj
Client disconnected: n5CpJkfOvmOIL8r4AADj
Client connected: seO2tuNDHFB6aNmEAADl
Client disconnected: seO2tuNDHFB6aNmEAADl
Client connected: i83VpgdCrKyiL_KtAADn
Client disconnected: i83VpgdCrKyiL_KtAADn--- Final Config Loaded in App ---
MONGO_URI: mongodb+srv://yahoo1438:B6pdsUsGRehSoYn0@mywebsite.nq4f2rc.mongodb.net/my_website?retryWrites=true&w=majority&appName=mywebsite
AZURE_KEY: True
----------------------------------
Client connected: owytTSa3UaAhI45FAAAB
Client disconnected: owytTSa3UaAhI45FAAAB
Client connected: saFcKp7zyQYk5R49AAAD
Client connected: ZGpaHzSr4Xmx_WlUAAAF
Client disconnected: ZGpaHzSr4Xmx_WlUAAAF
Client connected: l0e2nFZorgh-VkKNAAAH
Client disconnected: l0e2nFZorgh-VkKNAAAH
Client connected: FyIEpQ3Y93mAqZ_oAAAL
Client disconnected: saFcKp7zyQYk5R49AAAD
Client connected: 5Z9kVdJ3bqIMq3GkAAAP
Client disconnected: 5Z9kVdJ3bqIMq3GkAAAP
Client connected: N4XhKHUjrVeHcjzVAAAS
Client disconnected: N4XhKHUjrVeHcjzVAAAS
Client connected: 68N-wIeOZd6Bxzo2AAAW
Client connected: BqnAO6QUHkCAkIcEAAAY
Client disconnected: BqnAO6QUHkCAkIcEAAAY
Client connected: 9qLI9Eg_Dc6UBFHnAAAa
Client disconnected: 9qLI9Eg_Dc6UBFHnAAAa
Client connected: mDVvF7TQ7h6HxMWgAAAd
Client disconnected: mDVvF7TQ7h6HxMWgAAAd
Client disconnected: FyIEpQ3Y93mAqZ_oAAAL
Client connected: 3Z_IgOYHSwQqScPQAAAg
Client disconnected: 3Z_IgOYHSwQqScPQAAAg
Client connected: mS84CU3toFqJb4zOAAAi
Client disconnected: mS84CU3toFqJb4zOAAAi
Client connected: P69pRkZXOTtSHyWKAAAk
Client disconnected: P69pRkZXOTtSHyWKAAAk
Client connected: oCzpuqNMLDfBdgnyAAAm
Client connected: SRQqyK8nntrhe7lNAAAq
Client disconnected: SRQqyK8nntrhe7lNAAAq
Client connected: DsPWkjsIyd9QzqxCAAAs
Client disconnected: DsPWkjsIyd9QzqxCAAAs
Client connected: 9_ZtmlkgCCm9a7puAAAv
Client connected: ucHYTgh_jxHrGqlcAAAy
Client connected: wt2FHc_qylTB6qDIAAA1
Client disconnected: wt2FHc_qylTB6qDIAAA1
Client connected: Si2hoV1COZjKAZZwAAA3
Client disconnected: Si2hoV1COZjKAZZwAAA3
Client connected: 63-5C9HGe4BCu7vyAAA5
Client connected: o8BpOiU7jQXBEm9uAAA7
Client disconnected: o8BpOiU7jQXBEm9uAAA7
Client connected: eZwITQe4xMm3QTMwAAA9
Client disconnected: eZwITQe4xMm3QTMwAAA9
Client connected: TWY570dWI_qFRD-tAAA_
Client disconnected: TWY570dWI_qFRD-tAAA_
Client connected: IkSugv7iaU9PxD9xAABB
Client disconnected: IkSugv7iaU9PxD9xAABB
Client connected: mbHgi8yUZ1IxtV0PAABD
Client connected: r1m3RjRu60jvTNYkAABF
Client disconnected: r1m3RjRu60jvTNYkAABF
Client connected: 8E4DkEzNH2QVpsWEAABH
Client disconnected: 8E4DkEzNH2QVpsWEAABH
Client connected: SRzYVElA7TvARqKOAABJ
Client disconnected: SRzYVElA7TvARqKOAABJ
Client connected: FEKcDkSUEDzpD9QeAABL
Client disconnected: FEKcDkSUEDzpD9QeAABL
Client disconnected: 68N-wIeOZd6Bxzo2AAAW
Client disconnected: 9_ZtmlkgCCm9a7puAAAv
Client disconnected: ucHYTgh_jxHrGqlcAAAy
Client disconnected: 63-5C9HGe4BCu7vyAAA5
Client disconnected: mbHgi8yUZ1IxtV0PAABD
Client disconnected: oCzpuqNMLDfBdgnyAAAm
Client connected: g-sz14o7u8aXZxEbAABS
Client disconnected: g-sz14o7u8aXZxEbAABS
Client connected: _siGDn8aP3nX2ltRAABX
Client disconnected: _siGDn8aP3nX2ltRAABX
Client connected: ZwlowAkR-oxtaPLCAABa
Client connected: pMd8YM4YwUh9_Bm3AABc
Client connected: uQrdVRC7B8gQJkoBAABe
Client connected: fCgOp7ADo5hCQtKOAABg
Client disconnected: fCgOp7ADo5hCQtKOAABg
Client connected: Oieaw2uAJMWcG6UXAABk
Client connected: hMc5UG3FeNbingm5AABm
Client connected: DOsX3TNrLYVpjm7FAABo
Client disconnected: DOsX3TNrLYVpjm7FAABo
Client connected: oT1mOd0ZTIZmIGyNAABq
Client connected: 3F2kFvr7fewEO97iAABt
Client connected: U0t30ChhFDGWweoqAABv
Client connected: 7y-Iz07WTg0Jksr9AABy
Client connected: zX5JVqMBZPjwLhXfAAB0
Client disconnected: zX5JVqMBZPjwLhXfAAB0
Client connected: zJrun_gZW_6cVrmcAAB2
Client disconnected: zJrun_gZW_6cVrmcAAB2
Client connected: bZjHS61ZGTbx7-_ZAAB4
Client disconnected: bZjHS61ZGTbx7-_ZAAB4
Client connected: g4LdK0e5CeSkGyArAAB6
Client connected: -6sO53gKS2KHjqftAAB8
Client disconnected: -6sO53gKS2KHjqftAAB8
Client connected: o-O5cevxJAxvMJ3pAAB-
Client connected: md6_VHtBQQDVeZiEAACA
Client connected: qp4GqiYzuCMxrZJAAACC
Client disconnected: ZwlowAkR-oxtaPLCAABa
Client disconnected: pMd8YM4YwUh9_Bm3AABc
Client disconnected: uQrdVRC7B8gQJkoBAABe
Client connected: kax3-Yzwp7VQiJAfAACF
Client connected: BnTRQ_6c4-yLg-gFAACH
Client disconnected: 3F2kFvr7fewEO97iAABt
Client disconnected: U0t30ChhFDGWweoqAABv
Client disconnected: 7y-Iz07WTg0Jksr9AABy
Client disconnected: g4LdK0e5CeSkGyArAAB6
Client disconnected: o-O5cevxJAxvMJ3pAAB-
Client disconnected: md6_VHtBQQDVeZiEAACA
Client disconnected: qp4GqiYzuCMxrZJAAACC
Client disconnected: Oieaw2uAJMWcG6UXAABk
Client disconnected: hMc5UG3FeNbingm5AABm
Client disconnected: oT1mOd0ZTIZmIGyNAABq
Client connected: uwkECDD6NCdK4RqhAACK
Client disconnected: BnTRQ_6c4-yLg-gFAACH
Client connected: 6B8SrC2e3lAKDhVTAACO
Client disconnected: kax3-Yzwp7VQiJAfAACF
Client disconnected: uwkECDD6NCdK4RqhAACK

Client connected: 8mjJk3WrkwCeoEmrAADp
Client disconnected: 8mjJk3WrkwCeoEmrAADp
Client connected: kwkCjroShSPuWiMbAADr
Client disconnected: kwkCjroShSPuWiMbAADr
Client connected: m1I2BLXwdqrQFZ4lAADt
Client disconnected: m1I2BLXwdqrQFZ4lAADt
Client connected: wdIFkYdxPvEfYutwAADv
Client disconnected: wdIFkYdxPvEfYutwAADv
Client connected: E8jjAWiXmajaMLWhAADx
Client connected: Oa2l5KWUvt_EaJOMAADz
Client disconnected: Oa2l5KWUvt_EaJOMAADz
Client connected: zVaR6ZlIDX8T_iUdAAD1
Client disconnected: zVaR6ZlIDX8T_iUdAAD1
Client disconnected: 2IvYYWZbyQ3VFJbRAAC6
Client disconnected: WAhmHw4k9UB9Ui8tAAC8
Client disconnected: S7yqjfgtheZw3s8QAAC4
Client connected: lTOzzE3gi_PsUqN6AAD6
Client connected: vvEf3gkaS5yKGSEGAAD8
Client connected: J5C85w062XKimRPMAAD-
Client disconnected: J5C85w062XKimRPMAAD-
Client connected: zSYiJJmdZdHkwU1LAAEA
Client connected: ShapB9jjfD1WCwEaAAEC
Client disconnected: 9MBqN3QiLI7MOT2UAADC
Client disconnected: aJw7X4s0xlBuuuGSAADE
Client disconnected: cDKTlqfKKHQlLkt4AADG
Client disconnected: 8KIzE08dAfl0xDgpAADK
Client disconnected: E8jjAWiXmajaMLWhAADx
Client connected: MLxDuQoW9AAuy58CAAEH
Client disconnected: MLxDuQoW9AAuy58CAAEH
Client connected: HLd5lXrI4jQqKgpAAAEJ
Client disconnected: HLd5lXrI4jQqKgpAAAEJ
Client disconnected: lTOzzE3gi_PsUqN6AAD6
Client disconnected: vvEf3gkaS5yKGSEGAAD8
Client disconnected: zSYiJJmdZdHkwU1LAAEA
Client disconnected: ShapB9jjfD1WCwEaAAEC
Client connected: lxwuG9qZWCE7heM1AAEN
Client connected: pUWHIy_71XZ55YDOAAEP
Client connected: IbGr40ch889TP38IAAER
Client disconnected: IbGr40ch889TP38IAAER
Client connected: MJP7R1rUkwQ5qlPkAAET
Client disconnected: lxwuG9qZWCE7heM1AAEN
Client disconnected: pUWHIy_71XZ55YDOAAEP
Client disconnected: MJP7R1rUkwQ5qlPkAAET
Client connected: lVhBUYxwhoKbwPNFAAEV
Client disconnected: lVhBUYxwhoKbwPNFAAEV
Client connected: rBoloPR69UbPNn6uAAEX
Client connected: c7JZlWHLrdLSc8jmAAEZ
Client disconnected: c7JZlWHLrdLSc8jmAAEZ
Client connected: 87fhUGNPO2Jo40ksAAEb
Client connected: e7zetvbK3B1rFQ42AAEg
Client disconnected: e7zetvbK3B1rFQ42AAEg
Client connected: ywkHlXtd63hlgYh1AAEl
Client disconnected: ywkHlXtd63hlgYh1AAEl
Client connected: j86cnQwoIq3Jnd3RAAEn
Client disconnected: j86cnQwoIq3Jnd3RAAEn
Client connected: 7bs6xHI50D8V9FtYAAEq
Client disconnected: 7bs6xHI50D8V9FtYAAEq
Client connected: sGZdyDHmRRYaLhhmAAEs
Client disconnected: sGZdyDHmRRYaLhhmAAEs
Client connected: dNUBoZHgqpON1kToAAEu
Client disconnected: rBoloPR69UbPNn6uAAEX
Client disconnected: 87fhUGNPO2Jo40ksAAEb
Client connected: UCnxhq4bYIwtUN2NAAEy
Client connected: SHyD3N5J4gNhwDDmAAEz
Client disconnected: UCnxhq4bYIwtUN2NAAEy
Client disconnected: SHyD3N5J4gNhwDDmAAEz
Client connected: i9qPwvrOiFNz03FNAAE1
Client disconnected: i9qPwvrOiFNz03FNAAE1
Client connected: eVMmZnhteomrUqWVAAE4
Client disconnected: eVMmZnhteomrUqWVAAE4
Client connected: 4bpqnN7rp_Q3Xa93AAE6
Client disconnected: 4bpqnN7rp_Q3Xa93AAE6
Client connected: fyArijVjGhCVCJDJAAE8
Client disconnected: fyArijVjGhCVCJDJAAE8
Client connected: hNXtgqQEOEdD0oUgAAE-
Client disconnected: hNXtgqQEOEdD0oUgAAE-
Client connected: FiyF0JdqrVd1C8D1AAFA
Client disconnected: dNUBoZHgqpON1kToAAEu
Client connected: ExQATITLH-DgJTeyAAFE
Client disconnected: ExQATITLH-DgJTeyAAFE
Client connected: kxLYHS4ulZF8dGp8AAFH
Client connected: fdX0UFyuJOFqZg1ZAAFJ
Client disconnected: fdX0UFyuJOFqZg1ZAAFJ
Client connected: Q4Bl31EcWg8XHeXmAAFL
Client disconnected: Q4Bl31EcWg8XHeXmAAFL
Client connected: S_EEFmrr0yec3he1AAFN
Client disconnected: S_EEFmrr0yec3he1AAFN
Client connected: W-vkGlsVyMT3W6XkAAFP
Client disconnected: W-vkGlsVyMT3W6XkAAFP
Client connected: qWjvUYVjIMQi4mqyAAFS
Client disconnected: qWjvUYVjIMQi4mqyAAFS
Client connected: RQmEFauPJygNKWdyAAFU
Client disconnected: RQmEFauPJygNKWdyAAFU
Client connected: EN5u_x07rkJwW7tvAAFW
Client disconnected: EN5u_x07rkJwW7tvAAFW
Client connected: ecnGtHIAroBHx4-XAAFY
Client disconnected: ecnGtHIAroBHx4-XAAFY
Client connected: 6NHUDWuO2XOjgQEBAAFa
Client disconnected: 6NHUDWuO2XOjgQEBAAFa
Client connected: R2moPP6B_XiMGNG2AAFc
Client connected: t8BaPojFuoR-zzziAAFe
Client connected: -4NYob2WPUWw7bAlAAFh
Client connected: 6oT2ok3xB0RUCkaDAAFi
Client disconnected: 6oT2ok3xB0RUCkaDAAFi
Client connected: ZoT9GYIHo8_oG1zzAAFk
Client disconnected: ZoT9GYIHo8_oG1zzAAFk
Client connected: GYb25qEHynNEiMFoAAFm
Client connected: uJ-I9ZO3_XFiIwQfAAFp
Client connected: 3SJRIRfgFzvdxRfqAAFr
Client disconnected: 3SJRIRfgFzvdxRfqAAFr
Client connected: CF_1HoGdEfnnq3pzAAFt
Client connected: Ln0ZSiDiuj6Bjeb_AAFv
Client disconnected: Ln0ZSiDiuj6Bjeb_AAFv
Client connected: bUIANtVJMzQ0WkxOAAFx
Client disconnected: bUIANtVJMzQ0WkxOAAFx
Client connected: FCLyi8G5vkykRdInAAFz
Client disconnected: FCLyi8G5vkykRdInAAFz
Client connected: wvS8t4Mb5Q0JrmFYAAF1
Client connected: mdfBkcI6UJZ7FQgvAAF3
Client disconnected: mdfBkcI6UJZ7FQgvAAF3
Client disconnected: wvS8t4Mb5Q0JrmFYAAF1
Client connected: tL3PaTWrzu0BvjUQAAF5
Client disconnected: tL3PaTWrzu0BvjUQAAF5
Client connected: gzROouK5ZJ6HGiX6AAF7
Client disconnected: gzROouK5ZJ6HGiX6AAF7
Client connected: kILm09hi7IGAkaLMAAF9
Client disconnected: FiyF0JdqrVd1C8D1AAFA
Client disconnected: kILm09hi7IGAkaLMAAF9
Client connected: Ab0NHMoC1gEMAEmgAAGA
Client disconnected: Ab0NHMoC1gEMAEmgAAGA
Client connected: finqG2gckyqkgNW1AAGD
Client disconnected: finqG2gckyqkgNW1AAGD
Client connected: 2K7ev7GNQVOonLx6AAGF
Client connected: 29K4caTnUGUHsSrDAAGH
Client disconnected: 29K4caTnUGUHsSrDAAGH
Client connected: AeqUM3PD4aWm7mmKAAGJ
Client disconnected: AeqUM3PD4aWm7mmKAAGJ
Client connected: be-T5pK-fQDmrLeJAAGL
Client disconnected: be-T5pK-fQDmrLeJAAGL
Client connected: egs6iRBt04_y-YpgAAGN
Client connected: 9SWWk0KT-jPyJ--5AAGP
Client disconnected: 9SWWk0KT-jPyJ--5AAGP
Client connected: HgXqHVKqCiCI-9VRAAGS
Client disconnected: HgXqHVKqCiCI-9VRAAGS
Client connected: px1zsPlP-7xuUYrxAAGT
Client connected: 4TwZlOTheFE2M6dpAAGV
Client disconnected: 4TwZlOTheFE2M6dpAAGV
Client connected: 0q7QXEE2ssCiaVBpAAGX
Client connected: pxRyVz1mKxj27POoAAGZ
Client disconnected: pxRyVz1mKxj27POoAAGZ
Client connected: OksWexYUy20FvtMzAAGb
Client disconnected: OksWexYUy20FvtMzAAGb
Client connected: jGF0qzHU2CA24ZXIAAGf
Client disconnected: jGF0qzHU2CA24ZXIAAGf
Client connected: dwbxRBEYDvhYxOE4AAGi
Client disconnected: dwbxRBEYDvhYxOE4AAGi
Client connected: rfUnNtHCQcbzCB4yAAGl
Client connected: LD1Zg9lNdaayZ-isAAGo
Client connected: cqrTblaGPUKoK23ZAAGq
Client connected: IHPUCwswpFAIipF9AAGs
Client connected: ikg7nj52HF0L6Xe-AAGw
Client disconnected: ikg7nj52HF0L6Xe-AAGw
Client connected: V8UNt-LWRaxiuiNxAAG0
Client disconnected: V8UNt-LWRaxiuiNxAAG0
Client disconnected: kxLYHS4ulZF8dGp8AAFH
Client disconnected: R2moPP6B_XiMGNG2AAFc
Client disconnected: t8BaPojFuoR-zzziAAFe
Client disconnected: -4NYob2WPUWw7bAlAAFh
Client disconnected: GYb25qEHynNEiMFoAAFm
Client disconnected: uJ-I9ZO3_XFiIwQfAAFp
Client disconnected: CF_1HoGdEfnnq3pzAAFt
Client connected: nnanOjYikyYaZdg6AAG3
Client disconnected: nnanOjYikyYaZdg6AAG3
Client connected: GDrvkxb-qFb62JGsAAG6
Client disconnected: GDrvkxb-qFb62JGsAAG6
Client connected: szXryzwjG-3tJY7MAAG8
Client disconnected: szXryzwjG-3tJY7MAAG8
Client connected: hd48MKxMnutvuOk-AAG-
Client connected: od4jH0Ghpbm6QyQJAAHA
Client disconnected: od4jH0Ghpbm6QyQJAAHA
Client disconnected: hd48MKxMnutvuOk-AAG-
Client connected: EZBBE1Snx0xLeMkJAAHD
Client disconnected: EZBBE1Snx0xLeMkJAAHD
Client connected: pYlcLul4V00jTXNlAAHF
Client connected: CsqVt4NOHHcEgdyBAAHH
Client disconnected: CsqVt4NOHHcEgdyBAAHH
Client connected: 2ESmOmgjWJi3GhWqAAHJ
Client connected: -_SABvi5yZD6qvAJAAHM
Client disconnected: -_SABvi5yZD6qvAJAAHM
Client connected: 90pt20leGkgztsUvAAHO
Client disconnected: 90pt20leGkgztsUvAAHO
Client connected: rjHHVkc-C7MD5CcEAAHS
Client connected: xFRfceavMKNglyFWAAHV
Client connected: kTKPyt2L96wy85h_AAHW
Client disconnected: xFRfceavMKNglyFWAAHV
Client disconnected: kTKPyt2L96wy85h_AAHW
Client connected: NSrm9BS3MBng60CdAAHY
Client disconnected: NSrm9BS3MBng60CdAAHY
Client connected: 9WFDkd_RakXZIdoSAAHa
Client disconnected: 9WFDkd_RakXZIdoSAAHa
Client connected: a-4wopULryavEjKBAAHc
Client disconnected: a-4wopULryavEjKBAAHc
Client connected: G43BC9Muv4AAvu2WAAHg
Client disconnected: G43BC9Muv4AAvu2WAAHg
Client connected: Ffw5QlFnPf5xXpajAAHi
Client connected: o6QU9J9_epNOK4_RAAHk
Client disconnected: o6QU9J9_epNOK4_RAAHk
Client connected: uzfC3FvmR5VsnsCXAAHm
Client disconnected: uzfC3FvmR5VsnsCXAAHm
Client disconnected: 2K7ev7GNQVOonLx6AAGF
Client disconnected: egs6iRBt04_y-YpgAAGN
Client disconnected: px1zsPlP-7xuUYrxAAGT
Client disconnected: 0q7QXEE2ssCiaVBpAAGX
Client disconnected: rfUnNtHCQcbzCB4yAAGl
Client disconnected: LD1Zg9lNdaayZ-isAAGo
Client disconnected: cqrTblaGPUKoK23ZAAGq
Client disconnected: IHPUCwswpFAIipF9AAGs
Client connected: KdEiwTJtMri6a2FYAAHp
Client disconnected: KdEiwTJtMri6a2FYAAHp
Client connected: 2glm7Pqvc6ZVQyjEAAHr
Client disconnected: 2glm7Pqvc6ZVQyjEAAHr
Client connected: Ixnk164rMuxWA40wAAHt
Client disconnected: Ixnk164rMuxWA40wAAHt
Client connected: Zhos9cZ0Ck5eW5UuAAHw
Client disconnected: Zhos9cZ0Ck5eW5UuAAHw
Client connected: fyii94HrBMVAf0WTAAHy
Client disconnected: fyii94HrBMVAf0WTAAHy
Client connected: UU62SzNRaXu3TNsRAAH1
Client disconnected: UU62SzNRaXu3TNsRAAH1
Client disconnected: rjHHVkc-C7MD5CcEAAHS
Client disconnected: Ffw5QlFnPf5xXpajAAHi
Client disconnected: pYlcLul4V00jTXNlAAHF
Client disconnected: 2ESmOmgjWJi3GhWqAAHJ
Client connected: q3zFKlzTQO25m_0yAAH3
Client disconnected: q3zFKlzTQO25m_0yAAH3
Client connected: chADBbDg2H9WpndfAAH5
Client disconnected: chADBbDg2H9WpndfAAH5
Client connected: 8pxM6NoRlkchC2GaAAH8
Client connected: zjuQ5C47wuRByY4uAAH9
Client connected: 9p6G6V6cmCr3TEuYAAH_
Client disconnected: 9p6G6V6cmCr3TEuYAAH_
Client connected: QbcF3xqy1vlB5OihAAIB
Client disconnected: QbcF3xqy1vlB5OihAAIB
Client connected: WOsYOe_VvFh8Vfg8AAID
Client connected: 8XKc7WUgU8vJUsIGAAIF
Client disconnected: 8XKc7WUgU8vJUsIGAAIF
Client connected: DwLR2mSnQONMI22DAAIH
Client disconnected: DwLR2mSnQONMI22DAAIH
Client connected: r5e7-jmWL7Gpd-s7AAIJ
Client disconnected: r5e7-jmWL7Gpd-s7AAIJ
Client disconnected: 8pxM6NoRlkchC2GaAAH8
Client disconnected: zjuQ5C47wuRByY4uAAH9
Client disconnected: WOsYOe_VvFh8Vfg8AAID
Client connected: Ja-0rxopaCTgH5wwAAIS
Client connected: bXZuelv7E5kxOyhbAAIV
Client connected: efqs0wlTLCaq1zpCAAIY
Client disconnected: efqs0wlTLCaq1zpCAAIY
Client connected: 4uGrppiMtjWy34jSAAIa
Client disconnected: 4uGrppiMtjWy34jSAAIa
Client connected: R6EvwdPWMqOn9y0PAAIc
Client connected: W4e0hOC4mbjH3r_2AAIg
Client connected: PC4ez3zMe1cjso0rAAIi
Client connected: 0ZHcvplMIObQwqp0AAIk
Client disconnected: 0ZHcvplMIObQwqp0AAIk
Client connected: Yok0IfdbVg1T2gYQAAIm
--- Final Config Loaded in App ---
MONGO_URI: mongodb+srv://yahoo1438:B6pdsUsGRehSoYn0@mywebsite.nq4f2rc.mongodb.net/my_website?retryWrites=true&w=majority&appName=mywebsite
AZURE_KEY: True
----------------------------------
Client connected: 8YaFJo5O7VSMlaF6AAAB
Client disconnected: 8YaFJo5O7VSMlaF6AAAB
Client connected: adFMMvrKicXKrNlIAAAE
Client connected: vwhg81BGoFOYrABwAAAG
Client disconnected: vwhg81BGoFOYrABwAAAG
Client connected: BdRjZIhNJL6DLQU5AAAI
Client disconnected: BdRjZIhNJL6DLQU5AAAI
Client connected: jyr9rb72_ac3BCdaAAAK
Client connected: tOcP2JVBJPYRPYqZAAAM
Client disconnected: tOcP2JVBJPYRPYqZAAAM
Client connected: OW_srp_P2A1kCI0iAAAO
Client connected: QOoAfJ7HYOQYaqdBAAAQ
Client connected: KvtqJXq5VziLMBiFAAAS
Client disconnected: KvtqJXq5VziLMBiFAAAS
Client connected: 0DI7VbZzxqxjQd9kAAAU
Client disconnected: 0DI7VbZzxqxjQd9kAAAU
Client connected: uN63xGWrksImgy-6AAAX
Client connected: PzJwhMy4MU26iLQxAAAa
--- Final Config Loaded in App ---
MONGO_URI: mongodb+srv://yahoo1438:B6pdsUsGRehSoYn0@mywebsite.nq4f2rc.mongodb.net/my_website?retryWrites=true&w=majority&appName=mywebsite
AZURE_KEY: True
----------------------------------
Client connected: iIsrTeZ09YfSsc7CAAAC
Client connected: qvFjEnJOMvSdI-81AAAE
Client connected: LcJD0LcuYE7uiireAAAG
Client disconnected: LcJD0LcuYE7uiireAAAG
Client connected: StFY-bji5knhVuNgAAAJ
Client disconnected: StFY-bji5knhVuNgAAAJ
Client connected: vsIUtp708heF_TqmAAAL
Client disconnected: vsIUtp708heF_TqmAAAL
Client connected: L5XVB7sgJwk2Bh1aAAAO
Client connected: OcmACQYFljMoyam2AAAQ
Client connected: Ob4DAj8mS-5IX57-AAAS
Client disconnected: Ob4DAj8mS-5IX57-AAAS
Client connected: hMWBXOUq9eNryfavAAAU
Client connected: pZ9tQlq4VyI7cJffAAAX
Client connected: 9YYQa19rUfzmtU-9AAAZ
Client connected: GkXHlUKc_yBwnQ0jAAAc
Client connected: lXk8vaH9QqL9oJ3NAAAe
Client connected: 6v9g0mOnkEoDEvsXAAAg
Client disconnected: 6v9g0mOnkEoDEvsXAAAg
Client connected: O6DWbSOwj6SHFLuxAAAi
Client disconnected: iIsrTeZ09YfSsc7CAAAC
Client disconnected: qvFjEnJOMvSdI-81AAAE
Client connected: iPC83B5k_4k7TXJLAAAm
Client connected: 0bcb9yOrNzaQ416cAAAo
Client disconnected: 0bcb9yOrNzaQ416cAAAo
Client disconnected: GkXHlUKc_yBwnQ0jAAAc
Client disconnected: lXk8vaH9QqL9oJ3NAAAe
Client disconnected: O6DWbSOwj6SHFLuxAAAi
Client disconnected: L5XVB7sgJwk2Bh1aAAAO
Client disconnected: OcmACQYFljMoyam2AAAQ
Client disconnected: hMWBXOUq9eNryfavAAAU
Client disconnected: pZ9tQlq4VyI7cJffAAAX
Client disconnected: 9YYQa19rUfzmtU-9AAAZ
Client connected: zFHS1i4ppqves-IAAAAu
Client disconnected: zFHS1i4ppqves-IAAAAu
Client connected: dS0-tnwR6334dOSMAAAw
Client connected: rbDI9Xoi0i39BZFsAAA0
Client connected: 0RyjmfcOcwkIvoz5AAA9
Client disconnected: 0RyjmfcOcwkIvoz5AAA9
Client connected: sJw-ulX8XAmEuI3VAABA
Client connected: jumzd7G6P3dqimR1AABF
Client disconnected: jumzd7G6P3dqimR1AABF
Client connected: SN9oedTC_6pHFy4zAABH
Client disconnected: SN9oedTC_6pHFy4zAABH
Client connected: LX3DFFvwIl1DnrpOAABJ
Client disconnected: LX3DFFvwIl1DnrpOAABJ
Client connected: Vl-PkWHxIDCPwQcvAABL
Client disconnected: Vl-PkWHxIDCPwQcvAABL
Client connected: P6swDBmziXJ6Gqi4AABN
Client disconnected: P6swDBmziXJ6Gqi4AABN
Client connected: DXPP1spV50mbWOMJAABP
Client disconnected: DXPP1spV50mbWOMJAABP
Client connected: 6yeJBLcR4ymz2hB7AABR
Client disconnected: 6yeJBLcR4ymz2hB7AABR
Client connected: 6w0P7NFBnG6_VYP1AABT
Client disconnected: 6w0P7NFBnG6_VYP1AABT
Client connected: t9LiczVppbB2ROn8AABV
Client disconnected: t9LiczVppbB2ROn8AABV
Client connected: X9gCLG60_6axQ5pwAABY
Client disconnected: X9gCLG60_6axQ5pwAABY
Client connected: IFwlCGVK5v8R_HKyAABa
Client disconnected: IFwlCGVK5v8R_HKyAABa
Client connected: 8UkGTVo9aihiD3gVAABc
Client disconnected: iPC83B5k_4k7TXJLAAAm
Client connected: yznn4W8k7fm6bvzPAABg
Client disconnected: dS0-tnwR6334dOSMAAAw
Client connected: m96qz9EqcQNm99tDAABj
Client disconnected: rbDI9Xoi0i39BZFsAAA0
Client disconnected: sJw-ulX8XAmEuI3VAABA
Client disconnected: 8UkGTVo9aihiD3gVAABc
Client disconnected: yznn4W8k7fm6bvzPAABg
Client connected: Koo8sWtvJqMnhLC5AABo
Client connected: 0V8t3B5gXWHeDxwLAABq
Client connected: -NW69xo8rXpi6DjmAABs
Client connected: NitgfuD2R-PRYx8VAABv
Client connected: zTpHye1NwX48CRy-AABz
Client disconnected: m96qz9EqcQNm99tDAABj
Client disconnected: NitgfuD2R-PRYx8VAABv
Client disconnected: zTpHye1NwX48CRy-AABz
Client connected: YejXXT7Bh90DTs5cAAB1
Client connected: HlXTLmnWVdKj9L0qAAB3
Client connected: bG2Dx9V7WeLDazUrAAB5
Client disconnected: Koo8sWtvJqMnhLC5AABo
Client disconnected: 0V8t3B5gXWHeDxwLAABq
Client disconnected: -NW69xo8rXpi6DjmAABs
Client connected: hyOWR07CPtC0PRFPAAB9
Client disconnected: hyOWR07CPtC0PRFPAAB9
Client connected: GwqLhGbwvMBbQukEAAB_
Client disconnected: GwqLhGbwvMBbQukEAAB_
Client connected: -oqq7O9IoKuqdTzUAACB
Client disconnected: -oqq7O9IoKuqdTzUAACB
Client connected: 3z8EriuXTG5o3rgrAACD
Client disconnected: 3z8EriuXTG5o3rgrAACD
Client connected: pRe_iOjEYT5uHoWaAACF
Client connected: 6iUbMO8qjDvzbEr6AACH
Client disconnected: 6iUbMO8qjDvzbEr6AACH
Client connected: XPhxEjY9YgIHIOouAACJ
Client connected: TAgtrS9rlyY21y0OAACL
Client connected: TiJCzIIyQLR-E0UeAACN
Client connected: iAhA1WbDfW8t3IFtAACP
Client disconnected: iAhA1WbDfW8t3IFtAACP
Client connected: oNWIt7brQxUKUtN6AACR
Client disconnected: YejXXT7Bh90DTs5cAAB1
Client disconnected: HlXTLmnWVdKj9L0qAAB3
Client disconnected: bG2Dx9V7WeLDazUrAAB5
Client disconnected: oNWIt7brQxUKUtN6AACR
Client connected: eL7t2wZL7X-q5vKtAACW
Client disconnected: pRe_iOjEYT5uHoWaAACF
Client disconnected: XPhxEjY9YgIHIOouAACJ
Client disconnected: TAgtrS9rlyY21y0OAACL
Client disconnected: TiJCzIIyQLR-E0UeAACN
Client connected: 1TtcD8EV--xcPg7SAACZ
Client disconnected: 1TtcD8EV--xcPg7SAACZ
Client connected: L860tjoOMCEdmQUFAACb
Client connected: CM_PqalyoEPminpEAACd
Client connected: tKEzSc_68YmfnVrUAACf
Client connected: 0YeAx7EulBNK3bBkAACi
Client connected: Yl0C3zgt1kAET6qrAACk
Client connected: 3RBFXOr3qgt-TIMIAACm
Client disconnected: 3RBFXOr3qgt-TIMIAACm
Client connected: uDEVxABBAS5JY_LpAACo
Client disconnected: eL7t2wZL7X-q5vKtAACW
Client connected: e7eXRi8YsSdZWvfvAACs
Client connected: 9iNxZH2wAoKg7WuKAACu
Client disconnected: 9iNxZH2wAoKg7WuKAACu
Client connected: kwNCTF9RbD9E94uXAACw
Client connected: oe-C-3YteouUXH4sAACy
Client connected: fVXhuRT-Egd5Z-GVAAC2

Client disconnected: CL6Qcf3-sOSe7dERAAEf
Client connected: UBUEcUGi7BGfDAfKAAEi
Client connected: YlbxNzeEHonFi7clAAEk
Client connected: CWRR1n0YM-N-Agp-AAEm
Client connected: gN-fiFD_T0PzMwYFAAEq
Client connected: kGLVE6NBrriHXLHWAAEs
Client disconnected: kGLVE6NBrriHXLHWAAEs
Client connected: AYHnOX_Xhk-Q_MTfAAEu
Client disconnected: _etCix-lYbihG1OGAAD3
Client disconnected: yZndbS1RdVvHeGFOAAEG
Client connected: 4gcWIrLRx-l3jut9AAEz
Client connected: odsDLNDF0IsoMz-5AAE1
Client connected: N3VZYEcv13ub7LRLAAE3
Client disconnected: e4e4gCDbExStw--wAAET
Client disconnected: G7PEG6aBS7nlDgMxAAEX
Client disconnected: UBUEcUGi7BGfDAfKAAEi
Client disconnected: YlbxNzeEHonFi7clAAEk
Client disconnected: CWRR1n0YM-N-Agp-AAEm
Client disconnected: gN-fiFD_T0PzMwYFAAEq
Client disconnected: AYHnOX_Xhk-Q_MTfAAEu
Client connected: bV0BH7bHetrsE3xCAAE6
Client disconnected: N3VZYEcv13ub7LRLAAE3
Client disconnected: 4gcWIrLRx-l3jut9AAEz
Client disconnected: odsDLNDF0IsoMz-5AAE1
Client disconnected: bV0BH7bHetrsE3xCAAE6
Client connected: lkaSwGhER6ezDv1HAAE-
Client connected: i0ByKYdKiws_wj4FAAFB
Client connected: PBMnXYoXyLwIaJFMAAFD
Client disconnected: PBMnXYoXyLwIaJFMAAFD
Client connected: UOXDYKJmnK-QBgvBAAFF
Client connected: BOM8xH-imMhtBWvHAAFJ
Client connected: RyhCVHDyGdgcicuNAAFL
Client connected: aIfF4vdJreFx7leMAAFN
Client disconnected: lkaSwGhER6ezDv1HAAE-
Client disconnected: i0ByKYdKiws_wj4FAAFB
Client disconnected: UOXDYKJmnK-QBgvBAAFF
Client connected: nS57n7bjpGY4yduBAAFR
Client disconnected: RyhCVHDyGdgcicuNAAFL
Client disconnected: aIfF4vdJreFx7leMAAFN
Client connected: 6gDwSeM4cgoHzRd7AAFU
Client disconnected: BOM8xH-imMhtBWvHAAFJ
Client connected: c5S1D4C3Is4uFAdtAAFX
Client connected: XD7wxGLGtMNLIRAFAAFZ
Client disconnected: XD7wxGLGtMNLIRAFAAFZ
Client connected: 4MqEWdr9AcY1BFa-AAFc
Client connected: 4Q1MpuQQ8FyUImGCAAFe
Client connected: noxv6m61G1qjiD20AAFg
Client connected: D_Q7-RZfl_MG-P8kAAFi
Client disconnected: D_Q7-RZfl_MG-P8kAAFi
Client connected: hEZQujvipJQRnJJYAAFk
Client connected: NhGE8qNICMFJjn0tAAFm
Client disconnected: NhGE8qNICMFJjn0tAAFm
Client connected: 5Yi1MWYB1I0Wli-FAAFp
Client disconnected: nS57n7bjpGY4yduBAAFR
Client disconnected: 6gDwSeM4cgoHzRd7AAFU
Client connected: Cw4d1_EkiQy2QXGbAAFr
Client connected: vDC0EsQcH86PMq6LAAFt
Client disconnected: vDC0EsQcH86PMq6LAAFt
Client connected: 3kzcfYyXzYy3AVXwAAFv
Client disconnected: 3kzcfYyXzYy3AVXwAAFv
Client connected: kDJKzU_y9enF1vWIAAFx
Client disconnected: kDJKzU_y9enF1vWIAAFx
Client connected: 3E9pBGjUcIDtYkHgAAFz
Client connected: rAaNVnGr5LzzKyVWAAF1
Client disconnected: rAaNVnGr5LzzKyVWAAF1
Client connected: _APNTM4HyqYR-rmaAAF3
Client disconnected: _APNTM4HyqYR-rmaAAF3
Client connected: 8jSAmuaTSsMN5GKtAAF5
Client connected: tfLgez7ZJZrQPPOOAAF7
Client connected: vYuGEFc1VWxzMLUaAAF9
Client connected: 4rELo8C3SLNZR-MlAAGB
Client connected: jylOIoZ32OPUtNF9AAGD
Client connected: xEJvD6xtU9ltf0aCAAGH
Client connected: ORN1B8u2lJBxJfmcAAGK
Client disconnected: ORN1B8u2lJBxJfmcAAGK
Client connected: _24E6GAV5WG6UFOOAAGM
Client disconnected: 4MqEWdr9AcY1BFa-AAFc
Client disconnected: 4Q1MpuQQ8FyUImGCAAFe
Client disconnected: noxv6m61G1qjiD20AAFg
Client disconnected: hEZQujvipJQRnJJYAAFk
Client disconnected: 5Yi1MWYB1I0Wli-FAAFp
Client disconnected: c5S1D4C3Is4uFAdtAAFX
Client connected: UhlDfrDP8J35IWekAAGQ
Client disconnected: UhlDfrDP8J35IWekAAGQ
Client connected: EroJdeBwIGBI36bPAAGS
Client connected: myel6Cv36EswAE1xAAGU
Client disconnected: myel6Cv36EswAE1xAAGU
Client connected: zs_JaOKd6HuTMsNSAAGW
Client connected: S_ZslVytt0L_Gej7AAGY
Client disconnected: S_ZslVytt0L_Gej7AAGY
Client connected: -DuWraNRHYjlvUWEAAGb
Client connected: Lu1x-x3qwwDXNn7sAAGf
Client disconnected: Lu1x-x3qwwDXNn7sAAGf
Client disconnected: 4rELo8C3SLNZR-MlAAGB
Client disconnected: jylOIoZ32OPUtNF9AAGD
Client disconnected: xEJvD6xtU9ltf0aCAAGH
Client disconnected: _24E6GAV5WG6UFOOAAGM
Client disconnected: Cw4d1_EkiQy2QXGbAAFr
Client disconnected: 3E9pBGjUcIDtYkHgAAFz
Client disconnected: 8jSAmuaTSsMN5GKtAAF5
Client disconnected: tfLgez7ZJZrQPPOOAAF7
Client disconnected: vYuGEFc1VWxzMLUaAAF9
Client connected: G-vcBNtAp1TQDrx0AAGi
Client disconnected: EroJdeBwIGBI36bPAAGS
Client disconnected: zs_JaOKd6HuTMsNSAAGW
Client disconnected: -DuWraNRHYjlvUWEAAGb
Client connected: HlFs6bvoLuWiYHvoAAGm
Client disconnected: G-vcBNtAp1TQDrx0AAGi
Client connected: TDBGDmkBcL71M6c9AAGs
Client connected: SS1sRAIhtxQVVs_JAAGu
Client disconnected: HlFs6bvoLuWiYHvoAAGm
Client connected: 8c1RHSCQ-cIo6eXGAAG3
Client connected: me4yu55bwftims9BAAG5
Client disconnected: me4yu55bwftims9BAAG5
Client connected: M2f1DeaMmSZ1kgetAAG7
Client disconnected: M2f1DeaMmSZ1kgetAAG7
Client disconnected: TDBGDmkBcL71M6c9AAGs
Client disconnected: SS1sRAIhtxQVVs_JAAGu
Client connected: sAq6aPJc1LO4-oBrAAG_
Client connected: lsZek_xCyNalhXSCAAHB
Client disconnected: lsZek_xCyNalhXSCAAHB
Client connected: IwC1NXa_XtN2ohSeAAHD
Client disconnected: 8c1RHSCQ-cIo6eXGAAG3
Client connected: rla62TzMqxVsWhIKAAHG
Client connected: Rp65005O2kkPlC5gAAHI
Client connected: ei-aQOuMeFsPKBAGAAHK
Client connected: QatbEUBbZD9X-Ro9AAHN
Client connected: tVxpLEd5UNMDfbePAAHQ
Client disconnected: tVxpLEd5UNMDfbePAAHQ
Client connected: lnwZ1dahYfBBo7frAAHS
Client disconnected: lnwZ1dahYfBBo7frAAHS
Client connected: Dg0qc3TViybJaCL7AAHU
Client disconnected: Dg0qc3TViybJaCL7AAHU
Client connected: SMKZXsKNZYUc3h7XAAHW
Client connected: UBy_wwwBK8dF5Pe3AAHY
Client disconnected: IwC1NXa_XtN2ohSeAAHD
Client disconnected: sAq6aPJc1LO4-oBrAAG_
Client disconnected: rla62TzMqxVsWhIKAAHG
Client disconnected: Rp65005O2kkPlC5gAAHI
Client disconnected: ei-aQOuMeFsPKBAGAAHK
Client connected: vqzgFQemhoPtWnN3AAHd
Client disconnected: vqzgFQemhoPtWnN3AAHd
Client disconnected: QatbEUBbZD9X-Ro9AAHN
Client disconnected: SMKZXsKNZYUc3h7XAAHW
Client disconnected: UBy_wwwBK8dF5Pe3AAHY
Client connected: jm6ji8i_fcXbzxb3AAHj
Client disconnected: jm6ji8i_fcXbzxb3AAHj
Client connected: t5Veg-3cF1eP1fmwAAHl
Client connected: -qzScVqcRsbrdtNgAAHp
Client connected: v-nEY2Z-pJN3nAgiAAHs
Client disconnected: v-nEY2Z-pJN3nAgiAAHs
Client connected: D6AmBwEpIkEyaybhAAHu
--- Final Config Loaded in App ---
MONGO_URI: mongodb+srv://yahoo1438:B6pdsUsGRehSoYn0@mywebsite.nq4f2rc.mongodb.net/my_website?retryWrites=true&w=majority&appName=mywebsite
AZURE_KEY: True
----------------------------------
--- Final Config Loaded in App ---
MONGO_URI: mongodb+srv://yahoo1438:B6pdsUsGRehSoYn0@mywebsite.nq4f2rc.mongodb.net/my_website?retryWrites=true&w=majority&appName=mywebsite
AZURE_KEY: True
----------------------------------
--- Final Config Loaded in App ---
MONGO_URI: mongodb+srv://yahoo1438:B6pdsUsGRehSoYn0@mywebsite.nq4f2rc.mongodb.net/my_website?retryWrites=true&w=majority&appName=mywebsite
AZURE_KEY: True
----------------------------------
--- Final Config Loaded in App ---
MONGO_URI: mongodb+srv://yahoo1438:B6pdsUsGRehSoYn0@mywebsite.nq4f2rc.mongodb.net/my_website?retryWrites=true&w=majority&appName=mywebsite
AZURE_KEY: True
----------------------------------
--- Final Config Loaded in App ---
MONGO_URI: mongodb+srv://yahoo1438:B6pdsUsGRehSoYn0@mywebsite.nq4f2rc.mongodb.net/my_website?retryWrites=true&w=majority&appName=mywebsite
AZURE_KEY: True
----------------------------------
--- Final Config Loaded in App ---
MONGO_URI: mongodb+srv://yahoo1438:B6pdsUsGRehSoYn0@mywebsite.nq4f2rc.mongodb.net/my_website?retryWrites=true&w=majority&appName=mywebsite
AZURE_KEY: True
----------------------------------
--- Final Config Loaded in App ---
MONGO_URI: mongodb+srv://yahoo1438:B6pdsUsGRehSoYn0@mywebsite.nq4f2rc.mongodb.net/my_website?retryWrites=true&w=majority&appName=mywebsite
AZURE_KEY: True
----------------------------------
Client connected: enaK57p6ZBbiPYjAAAAB
Client disconnected: enaK57p6ZBbiPYjAAAAB
Client connected: cwREZt_5aYHocoudAAAD
--- Final Config Loaded in App ---
MONGO_URI: mongodb+srv://yahoo1438:B6pdsUsGRehSoYn0@mywebsite.nq4f2rc.mongodb.net/my_website?retryWrites=true&w=majority&appName=mywebsite
AZURE_KEY: True
----------------------------------
Client connected: ynZqcV-eN99CjngTAAAC
Client connected: VFFjrvkTH29waYzeAAAE
Client disconnected: VFFjrvkTH29waYzeAAAE
Client connected: QYkdLs6A6caWMflsAAAI
Client disconnected: QYkdLs6A6caWMflsAAAI
Client disconnected: ynZqcV-eN99CjngTAAAC
Client connected: 923XPg3oBhdAw-7OAAAN
Client connected: 4ko0ovoVLhvhFmzqAAAQ
Client connected: OfcGe2reM-8a4RqQAAAR
Client disconnected: 923XPg3oBhdAw-7OAAAN
Client disconnected: OfcGe2reM-8a4RqQAAAR
Client disconnected: 4ko0ovoVLhvhFmzqAAAQ
Client connected: SJHZjzjsdmf9cOk9AAAc
Client disconnected: SJHZjzjsdmf9cOk9AAAc
Client connected: 7eDf_afxDteYicRDAAAo
Client disconnected: 7eDf_afxDteYicRDAAAo
Client connected: Lsa2DLa4ca-Kih1LAAAv
Client connected: sSZVERdhuZeZGSyQAAAy
Client connected: PbMieGokiptzZMhwAAA0
